[ Mar 25 2015 16:39:05 ] [var/ezdemo_site/cache/template/compiled/common.php]
[ Mar 25 2015 16:39:05 ] [var/ezdemo_site/cache/template/compiled/login-44e04171cb1ada3e06d090e21a0eb098.php]
[ Mar 25 2015 16:39:05 ] [/var/www/ezpublish/ezpublish_legacy/lib/ezutils/classes/../../../var/cache/ini/menu-db669068af535494d74f6f44bc8534a8.php]
[ Mar 25 2015 16:39:05 ] [var/ezdemo_site/cache/template/compiled/loginpagelayout-ec5c3f57b96ac017e89970ee5f261433.php]
[ Mar 25 2015 16:39:06 ] [var/ezdemo_site/cache/template/compiled/page_head-a2d34cbf58527c122d259c7de3aaf86a.php]
[ Mar 25 2015 16:39:06 ] [var/ezdemo_site/cache/template/compiled/canonical_link-97483fa8c0c030444a4c8ca5c4c98d53.php]
[ Mar 25 2015 16:39:06 ] [var/ezdemo_site/cache/template/compiled/link-7d9bf51b3acb997996bc38adad2b2d67.php]
[ Mar 25 2015 16:39:06 ] [var/ezdemo_site/cache/template/compiled/page_head_style-ba7a6dc304327e3a340ca65d760fff25.php]
[ Mar 25 2015 16:39:06 ] [/var/www/ezpublish/ezpublish_legacy/lib/ezutils/classes/../../../var/cache/ini/ezjscore-c48448b5c572db93332d9c1c2370c1b2.php]
[ Mar 25 2015 16:39:06 ] [var/ezdemo_site/cache/template/compiled/page_head_style_inline-63fc2fe6bdb6f3d5f75b8d5c98368c16.php]
[ Mar 25 2015 16:39:06 ] [var/ezdemo_site/cache/template/compiled/page_head_script-6f9bc76d317b099ec56fbc7e5364c4ed.php]
[ Mar 25 2015 16:39:06 ] [var/ezdemo_site/cache/template/compiled/page_mainarea-d7124427642fe43f0e9a22985e1534d8.php]
[ Mar 25 2015 16:39:06 ] [var/ezdemo_site/cache/template/compiled/page_login_copyright-83b53a6ba272ea8d928a9b67fc3a16b2.php]
[ Mar 25 2015 16:39:11 ] [/var/www/ezpublish/ezpublish_legacy/lib/ezutils/classes/../../../var/cache/ini/audit-1888e3b070b22b63bd332883c9ed739d.php]
[ Mar 25 2015 16:39:12 ] [/var/www/ezpublish/ezpublish_legacy/lib/ezutils/classes/../../../var/cache/ini/content-713bd580f8013473a2ec01b6164ab081.php]
[ Mar 25 2015 16:39:12 ] [/var/www/ezpublish/ezpublish_legacy/lib/ezutils/classes/../../../var/cache/ini/workflow-6b6ae2cc366dfbb06895c6cb4e64c308.php]
[ Mar 25 2015 16:39:12 ] [/var/www/ezpublish/ezpublish_legacy/lib/ezutils/classes/../../../var/cache/ini/design-acf7d87d9b2ab561b9704715a2185188.php]
[ Mar 25 2015 16:39:13 ] [var/ezdemo_site/cache/template/compiled/full-17f683555668a618fb370cb969651ddb.php]
[ Mar 25 2015 16:39:13 ] [var/ezdemo_site/cache/template/compiled/infocollection_validation-4358f9ab71cfccc7024ed768103a30ea.php]
[ Mar 25 2015 16:39:13 ] [/var/www/ezpublish/ezpublish_legacy/lib/ezutils/classes/../../../var/cache/ini/icon-62776d0298b9b170735fd5afa5de9a0b.php]
[ Mar 25 2015 16:39:13 ] [/var/www/ezpublish/ezpublish_legacy/lib/ezutils/classes/../../../var/cache/ini/icon-b03dce4b5fe00a42ddba918df168ab75.php]
[ Mar 25 2015 16:39:13 ] [/var/www/ezpublish/ezpublish_legacy/lib/ezutils/classes/../../../var/cache/ini/icon-0a7b5219be6c5ac77a86bf603063b6fb.php]
[ Mar 25 2015 16:39:13 ] [/var/www/ezpublish/ezpublish_legacy/lib/ezutils/classes/../../../var/cache/ini/admininterface-be5cf74fa647a203987d17401da7d01d.php]
[ Mar 25 2015 16:39:13 ] [var/ezdemo_site/cache/template/compiled/window_controls-dcc96e41744c2e1c0bcaa2d693876a89.php]
[ Mar 25 2015 16:39:13 ] [/var/www/ezpublish/ezpublish_legacy/lib/ezutils/classes/../../../var/cache/ini/fre-FR-78b77a5bea963d2451163972658d8a7f.php]
[ Mar 25 2015 16:39:13 ] [var/ezdemo_site/cache/template/compiled/window_controls_extratabs-ccc09f5be76d5d3e16c5086deb2c259f.php]
[ Mar 25 2015 16:39:13 ] [var/ezdemo_site/cache/template/compiled/commentsbundle_header-607a7ad17820971d68e8ec78dc93bc05.php]
[ Mar 25 2015 16:39:13 ] [var/ezdemo_site/cache/template/compiled/windows-929838a601e92c718f98a79273937f5c.php]
[ Mar 25 2015 16:39:13 ] [var/ezdemo_site/cache/template/compiled/preview-8f59954271e749f069f9cf58f7b683c3.php]
[ Mar 25 2015 16:39:13 ] [var/ezdemo_site/cache/template/compiled/admin_preview-e8a9265942f0700946d8a25a6f8532a5.php]
[ Mar 25 2015 16:39:13 ] [/var/www/ezpublish/ezpublish_legacy/lib/ezutils/classes/../../../var/cache/ini/datatype-3b2895286f6ab26d0e90c8e4f02ca87f.php]
[ Mar 25 2015 16:39:13 ] [var/ezdemo_site/cache/template/compiled/ezstring-6ac08e52cd3498d478fb08e24e9688bc.php]
[ Mar 25 2015 16:39:13 ] [var/ezdemo_site/cache/template/compiled/ezpage-f68babffd3a58cf4373164aac1b95992.php]
[ Mar 25 2015 16:39:13 ] [/var/www/ezpublish/ezpublish_legacy/lib/ezutils/classes/../../../var/cache/ini/zone-9a6183d54968fca8ffc0c86d36085187.php]
[ Mar 25 2015 16:39:13 ] [var/ezdemo_site/cache/template/compiled/2zoneslayout1-aab7bd58ed46bcd9f86b1ee038dc196e.php]
[ Mar 25 2015 16:39:13 ] [var/ezdemo_site/cache/template/compiled/zone_block-66cb8a0ff20be2f6db37cce1fe3ef77b.php]
[ Mar 25 2015 16:39:13 ] [var/ezdemo_site/cache/template/compiled/zone_block_top-b554ffcdfa4c77307912d7ee79f7f86f.php]
[ Mar 25 2015 16:39:14 ] [/var/www/ezpublish/ezpublish_legacy/lib/ezutils/classes/../../../var/cache/ini/block-ec667b4416699ec149b145cc7be6fbb0.php]
[ Mar 25 2015 16:39:14 ] [var/ezdemo_site/cache/template/compiled/view-41d50c8751cf702da32353f975488267.php]
[ Mar 25 2015 16:39:14 ] [var/ezdemo_site/cache/template/compiled/zone_block_bottom-38c86e5a0cc2cee7898300231fa4c7e1.php]
[ Mar 25 2015 16:39:14 ] [var/ezdemo_site/cache/template/compiled/details-914d1e101f8fb6361661625962b6df93.php]
[ Mar 25 2015 16:39:14 ] [var/ezdemo_site/cache/template/compiled/translations-8e738509763c1a8ce3948fac193caa9f.php]
[ Mar 25 2015 16:39:14 ] [var/ezdemo_site/cache/template/compiled/locations-ebfc2b32bff4328d7a48be7042e71cba.php]
[ Mar 25 2015 16:39:14 ] [var/ezdemo_site/cache/template/compiled/relations-a656d3b2f8b10d4b6e1cea7681d39c29.php]
[ Mar 25 2015 16:39:14 ] [var/ezdemo_site/cache/template/compiled/google-1c07b127ceff2e661bfb8ff17cd42902.php]
[ Mar 25 2015 16:39:14 ] [var/ezdemo_site/cache/template/compiled/ordering-c9c12ffd6202dfa57c2c63c84dd287b0.php]
[ Mar 25 2015 16:39:14 ] [var/ezdemo_site/cache/template/compiled/windows_extratabs-da104273c801e1f2e0b7ff6cd0d6de1b.php]
[ Mar 25 2015 16:39:14 ] [var/ezdemo_site/cache/template/compiled/commentsbundle-05729366e8858d098a855a9f127962ff.php]
[ Mar 25 2015 16:39:14 ] [var/ezdemo_site/cache/template/compiled/children-4d069043de3250491e117792f46db927.php]
[ Mar 25 2015 16:39:14 ] [var/ezdemo_site/cache/template/compiled/children_detailed-6ae5752d4954fbd1fb3690f8ea9abf43.php]
[ Mar 25 2015 16:39:14 ] [/var/www/ezpublish/ezpublish_legacy/lib/ezutils/classes/../../../var/cache/ini/contentstructuremenu-b5ff933d0142df1b775ccd877f7343a5.php]
[ Mar 25 2015 16:39:15 ] [var/ezdemo_site/cache/template/compiled/alphabetical-91d015f692b5b700ec5fd1391427dc9a.php]
[ Mar 25 2015 16:39:15 ] [/var/www/ezpublish/ezpublish_legacy/lib/ezutils/classes/../../../var/cache/ini/menu-ceae5841a6cd631c105e0d7eea813907.php]
[ Mar 25 2015 16:39:15 ] [/var/www/ezpublish/ezpublish_legacy/lib/ezutils/classes/../../../var/cache/ini/toolbar-9d534c3cfe2759ffd6796e93d0f484e1.php]
[ Mar 25 2015 16:39:15 ] [var/ezdemo_site/cache/template/compiled/pagelayout-ac8e9bb7fb0882e9ef444bd1391c56fe.php]
[ Mar 25 2015 16:39:15 ] [var/ezdemo_site/cache/template/compiled/page_head-04f4f7cc8e9dc536ad7cca48e1fea40e.php]
[ Mar 25 2015 16:39:15 ] [var/ezdemo_site/cache/template/compiled/canonical_link-28634a12f1d8eb846188356b13e468f4.php]
[ Mar 25 2015 16:39:15 ] [var/ezdemo_site/cache/template/compiled/link-cb5e5630d042497c82987f18d2c47f0d.php]
[ Mar 25 2015 16:39:15 ] [var/ezdemo_site/cache/template/compiled/page_head_style-f0bd1ba3e1dedf835b8ead382aec360e.php]
[ Mar 25 2015 16:39:15 ] [/var/www/ezpublish/ezpublish_legacy/lib/ezutils/classes/../../../var/cache/ini/ezjscore-f11e962d4093f461b9ec8618306b8006.php]
[ Mar 25 2015 16:39:15 ] [var/ezdemo_site/cache/template/compiled/page_head_style_inline-dbe84334f7cd736451d7aaa0a4e9b881.php]
[ Mar 25 2015 16:39:15 ] [var/ezdemo_site/cache/template/compiled/page_head_script-e8d25dfa6c78a23c45e633d8c8107363.php]
[ Mar 25 2015 16:39:15 ] [var/ezdemo_site/cache/template/compiled/page_header-3280a64b46e258d1177320d5d0742fc9.php]
[ Mar 25 2015 16:39:15 ] [var/ezdemo_site/cache/template/compiled/page_search-1d5551f834925f4534cd581329837272.php]
[ Mar 25 2015 16:39:15 ] [var/ezdemo_site/cache/template/compiled/page_topmenu-096971653d07c26aa7bc2da647769d7f.php]
[ Mar 25 2015 16:39:15 ] [var/ezdemo_site/cache/template/compiled/page_topmenuitem-9d068b842fc0582e96f8f41702782a5c.php]
[ Mar 25 2015 16:39:15 ] [var/ezdemo_site/cache/template/compiled/page_leftmenu-0c344a6a29c65c7e99fd66f1813d5b9d.php]
[ Mar 25 2015 16:39:15 ] [var/ezdemo_site/cache/template/compiled/menu-5fbc0b612b2b15af7aebb22074d8e11d.php]
[ Mar 25 2015 16:39:15 ] [var/ezdemo_site/cache/template/compiled/content_structure_menu_dynamic-1ae6cd1fea3429c98e29d8505d87c068.php]
[ Mar 25 2015 16:39:15 ] [var/ezdemo_site/cache/template/compiled/ini_menu-6822c113964581b10b85b1465899720f.php]
[ Mar 25 2015 16:39:16 ] [var/ezdemo_site/cache/template/compiled/page_toppath-97d2d32f2c11aed44964961953b596e7.php]
[ Mar 25 2015 16:39:16 ] [var/ezdemo_site/cache/template/compiled/page_mainarea-86dc8043f42285d91ebbb7c9aca6217f.php]
[ Mar 25 2015 16:39:16 ] [var/ezdemo_site/cache/template/compiled/page_copyright-5a4a6703d0724fe7c1bd4cfb26149201.php]
[ Mar 25 2015 16:39:16 ] [var/ezdemo_site/cache/template/compiled/popup_menu-3f4c5b3f833aa8a7b9c8eced79720e20.php]
[ Mar 25 2015 16:39:16 ] [var/ezdemo_site/cache/template/compiled/popup_context_menu-ecede9edde8eb22ce619dd8e7db6bbdd.php]
[ Mar 25 2015 16:39:16 ] [var/ezdemo_site/cache/template/compiled/oocontextmenu-246bcbfe24a18e1e542255617599d0ce.php]
[ Mar 25 2015 16:39:16 ] [var/ezdemo_site/cache/template/compiled/ezflcontextmenu-ab61c0f264f4e8bf018c4f31b75ad162.php]
[ Mar 25 2015 16:39:16 ] [var/ezdemo_site/cache/template/compiled/ezmucontextmenu-3fcfacf94efea45270c13f817ed3d57a.php]
[ Mar 25 2015 16:39:16 ] [var/ezdemo_site/cache/template/compiled/popup_subitems_menu-2082914b9f7293669eb562e01cdf5352.php]
[ Mar 25 2015 16:39:16 ] [var/ezdemo_site/cache/template/compiled/oosubitemscontextmenu-58d91da266eff65c66b50235d3b06853.php]
[ Mar 25 2015 16:39:16 ] [var/ezdemo_site/cache/template/compiled/ezflsubitemscontextmenu-a79a9e90645b4c925b34799e5e98bd77.php]
[ Mar 25 2015 16:39:16 ] [var/ezdemo_site/cache/template/compiled/ezmusubitemscontextmenu-a6941472c52e3a5fa66c07727e32cec9.php]
[ Mar 25 2015 16:39:16 ] [var/ezdemo_site/cache/template/compiled/popup_class_menu-df00096e2e48e26cbc3f1162b7a01550.php]
[ Mar 25 2015 16:39:16 ] [var/ezdemo_site/cache/template/compiled/popup_bookmark_menu-d21e865dca8a4d88423cfb33347075a8.php]
[ Mar 25 2015 16:39:16 ] [var/ezdemo_site/cache/template/compiled/oocontextsubmenu-c2d2d063e1089ca833213668e1f68b0f.php]
[ Mar 25 2015 16:39:16 ] [var/ezdemo_site/cache/template/compiled/ezflcontextsubmenu-6239ee949fcb5df6518c516b703632d2.php]
[ Mar 25 2015 16:39:16 ] [var/ezdemo_site/cache/template/compiled/popup_tag_menu-3407fcfe337b0204f9a4ea7207fb562f.php]
[ Mar 25 2015 16:39:16 ] [var/ezdemo_site/cache/template/compiled/popup_sub_createhere_menu-2df8836ea3c494ff020a2a24f759e638.php]
[ Mar 25 2015 16:39:16 ] [var/ezdemo_site/cache/template/compiled/popup_sub_edit_menu-06a394d72c7948507fc1e3e51603a241.php]
[ Mar 25 2015 16:39:16 ] [var/ezdemo_site/cache/template/compiled/popup_sub_advance_menu-a2c04243d34d7446ff122f0d4690b91d.php]
[ Mar 25 2015 16:39:16 ] [var/ezdemo_site/cache/template/compiled/popup_sub_editclass_menu-0320e46a59e098332f44ac3aee526994.php]
[ Mar 25 2015 16:39:16 ] [var/ezdemo_site/cache/template/compiled/popup_sub_siteaccess_menus-a5e886e3e56ad7e73e3fdbadea677cd8.php]
[ Mar 25 2015 16:39:16 ] [/var/www/ezpublish/ezpublish_legacy/lib/ezutils/classes/../../../var/cache/ini/template-c6ee29cf29032e5b4d98caef606d8fbd.php]
[ Mar 25 2015 16:39:17 ] [var/ezdemo_site/cache/classidentifiers_d1a0e3812cf9679cc4439513ba8e71cf.php]
[ Mar 25 2015 16:39:17 ] [/var/www/ezpublish/ezpublish_legacy/lib/ezutils/classes/../../../var/cache/ini/image-d43413aa088cda8522d24c9e3e92f5ed.php]
[ Mar 25 2015 16:39:24 ] [/var/www/ezpublish/ezpublish_legacy/lib/ezutils/classes/../../../var/cache/ini/ezxml-479feb223dcc663b0871c0705bb91a43.php]
[ Mar 25 2015 16:39:24 ] [var/ezdemo_site/cache/template/compiled/ezxmltext-afe897f877f76b55c1f5d38097c2c270.php]
[ Mar 25 2015 16:39:24 ] [var/ezdemo_site/cache/template/compiled/emphasize-7a835299d7781e376b20daa9af01c614.php]
[ Mar 25 2015 16:39:24 ] [var/ezdemo_site/cache/template/compiled/paragraph-e8606f995b4e79a69daf976a963d27de.php]
[ Mar 25 2015 16:39:24 ] [var/ezdemo_site/cache/template/compiled/no_children-77748ece65b93266da8fcb88ea789f01.php]
[ Mar 25 2015 17:31:38 ] [/var/www/ezpublish/ezpublish_legacy/lib/ezutils/classes/../../../var/cache/ini/content-2da10445092d6700eed9e4210fd3301a.php]
[ Mar 25 2015 17:31:38 ] [/var/www/ezpublish/ezpublish_legacy/lib/ezutils/classes/../../../var/cache/ini/workflow-80dacb3bc28ae207286d61e68a040194.php]
[ Mar 25 2015 17:31:38 ] [/var/www/ezpublish/ezpublish_legacy/lib/ezutils/classes/../../../var/cache/ini/override-698bfd04762860777ded4f61fd2387a0.php]
[ Mar 25 2015 17:31:38 ] [/var/www/ezpublish/ezpublish_legacy/lib/ezutils/classes/../../../var/cache/ini/design-1e73ac4b10a414e1071b24fecca14b1b.php]
[ Mar 25 2015 17:31:39 ] [var/ezdemo_site/cache/override/override_a752b756ff83874b01c742ae4a5eb241.php]
[ Mar 25 2015 17:31:39 ] [var/ezdemo_site/cache/template/compiled/call_to_action-7dc8a7056322a50c672e415420801a5d.php]
[ Mar 25 2015 17:31:39 ] [/var/www/ezpublish/ezpublish_legacy/lib/ezutils/classes/../../../var/cache/ini/ezjscore-4949743765aec3e8c4b218be7f0424fa.php]
[ Mar 25 2015 17:31:39 ] [var/ezdemo_site/cache/template/compiled/product-87925e81373fe6746edb2ea77ffecb61.php]
[ Mar 25 2015 17:31:39 ] [var/ezdemo_site/cache/template/compiled/ezimage-f9bcec4649fbb91b0703b12d80fa2ddc.php]
[ Mar 25 2015 17:31:39 ] [/var/www/ezpublish/ezpublish_legacy/lib/ezutils/classes/../../../var/cache/ini/image-a9c53300593843f4b9ef579eb11be13a.php]
[ Mar 25 2015 17:31:39 ] [/var/www/ezpublish/ezpublish_legacy/lib/ezutils/classes/../../../var/cache/ini/mime-8a7ea8eafbd21b77b83443f10fdbdda9.php]
[ Mar 25 2015 17:31:41 ] [var/ezdemo_site/cache/template/compiled/tag_cloud-d70dc0567d15de34b2ed3a489c87bb68.php]
[ Mar 25 2015 17:31:41 ] [var/ezdemo_site/cache/template/compiled/tagcloud-8acb92b3246d57789dee3ccaccf0ee69.php]
[ Mar 25 2015 17:32:11 ] [/var/www/ezpublish/ezpublish_legacy/lib/ezutils/classes/../../../var/cache/ini/design-76fdf7935f9130ddf5783bc501cd9016.php]
[ Mar 25 2015 17:32:13 ] [/var/www/ezpublish/ezpublish_legacy/lib/ezutils/classes/../../../var/cache/ini/ezjscore-1d494feb1f7891b6e3966aaa68f0c326.php]
[ Mar 25 2015 17:32:14 ] [/var/www/ezpublish/ezpublish_legacy/lib/ezutils/classes/../../../var/cache/ini/image-3abc0b019f81e8aea1fb6b0bcd065bf1.php]
[ Mar 25 2015 17:32:37 ] [/var/www/ezpublish/ezpublish_legacy/lib/ezutils/classes/../../../var/cache/ini/mime-cf2d7eb9b319cbf14fd07f5f1755e485.php]
[ Mar 26 2015 10:04:41 ] [/var/www/ezpublish/ezpublish_legacy/lib/ezutils/classes/../../../var/cache/ini/error-06365f925f5bd801ecd767c2e4869ed9.php]
[ Mar 26 2015 10:04:48 ] [var/ezdemo_site/cache/template/compiled/20-5bbc5f34b5651c098c80521a89bf3f2b.php]
[ Mar 31 2015 16:56:54 ] [var/ezdemo_site/cache/template/compiled/login-664303b7dff4a98e1ed5adcd31d6bc78.php]
[ Mar 31 2015 16:56:56 ] [/var/www/ezpublish/ezpublish_legacy/lib/ezutils/classes/../../../var/cache/ini/site-672d50e24fca8105b3090798eb0bda4c.php]
[ Mar 31 2015 16:56:56 ] [/var/www/ezpublish/ezpublish_legacy/lib/ezutils/classes/../../../var/cache/ini/template-2af3b9deab16294b4d3571fb444f9fe7.php]
[ Mar 31 2015 16:56:56 ] [var/ezdemo_site/cache/template/compiled/loginpagelayout-4346c18fe79e1f50a993efdbea6d9b9a.php]
[ Mar 31 2015 16:56:57 ] [/var/www/ezpublish/ezpublish_legacy/lib/ezutils/classes/../../../var/cache/ini/module-9d664076dc22b8773c4bc1e482265b7e.php]
[ Mar 31 2015 16:56:57 ] [/var/www/ezpublish/ezpublish_legacy/lib/ezutils/classes/../../../var/cache/ini/debug-6b903f42978a630e2cc9dff23bf16ac0.php]
[ Mar 31 2015 16:56:57 ] [/var/www/ezpublish/ezpublish_legacy/lib/ezutils/classes/../../../var/cache/ini/eng-GB-562ef50ffe07c90e59a1d2cbe96452f1.php]
[ Mar 31 2015 16:56:57 ] [/var/www/ezpublish/ezpublish_legacy/lib/ezutils/classes/../../../var/cache/ini/file-9e046ace70f6b7b9f8c58fa97595966f.php]
[ Mar 31 2015 16:56:57 ] [var/ezdemo_site/cache/template/compiled/page_head-e7e7a57cc25e90c9c7e4a6ba43c9a450.php]
[ Mar 31 2015 16:56:57 ] [var/ezdemo_site/cache/template/compiled/canonical_link-c86fe9ddffc481209622cb6acea4e2d2.php]
[ Mar 31 2015 16:56:58 ] [var/ezdemo_site/cache/template/compiled/link-7da7f57bab93b5810e9a41876897cb61.php]
[ Mar 31 2015 16:56:58 ] [var/ezdemo_site/cache/template/compiled/page_head_style-592482aa968d1c512e3504178e8e57d0.php]
[ Mar 31 2015 16:56:58 ] [var/ezdemo_site/cache/template/compiled/page_head_style_inline-2d02a16dfcc4ea07e947fc892472bbab.php]
[ Mar 31 2015 16:56:58 ] [var/ezdemo_site/cache/template/compiled/page_head_script-e32d809e4b3d73362ef5d17b18db196a.php]
[ Mar 31 2015 16:56:59 ] [var/ezdemo_site/cache/template/compiled/page_mainarea-bbdb6a1e7a127269939ea91e1463e1c6.php]
[ Mar 31 2015 16:56:59 ] [var/ezdemo_site/cache/template/compiled/page_login_copyright-b2882eb8648cc15cec110887bf51a6ef.php]
[ Mar 31 2015 16:57:01 ] [/var/www/ezpublish/ezpublish_legacy/lib/ezutils/classes/../../../var/cache/ini/menu-65c834863d2ef7a2f997c4e4d03d5375.php]
[ Mar 31 2015 16:57:07 ] [/var/www/ezpublish/ezpublish_legacy/lib/ezutils/classes/../../../var/cache/ini/content-78da9ec9944291c0cf5c87ef9329cdb5.php]
[ Mar 31 2015 16:57:07 ] [/var/www/ezpublish/ezpublish_legacy/lib/ezutils/classes/../../../var/cache/ini/workflow-47d75bca84cc62e8b226984b84c78cf4.php]
[ Mar 31 2015 16:57:07 ] [/var/www/ezpublish/ezpublish_legacy/lib/ezutils/classes/../../../var/cache/ini/override-d57ae63d8e2bd06042b7848b8c2bc36f.php]
[ Mar 31 2015 16:57:08 ] [/var/www/ezpublish/ezpublish_legacy/lib/ezutils/classes/../../../var/cache/ini/design-21d470f5e6f6eb96617e8324bd561bfe.php]
[ Mar 31 2015 16:57:08 ] [var/ezdemo_site/cache/override/override_4862fc0dd445204175efe3a1e91d6a8c.php]
[ Mar 31 2015 16:57:08 ] [var/ezdemo_site/cache/template/compiled/call_to_action-72b8f5d2e1c9b2d6f152d0fc5f597653.php]
[ Mar 31 2015 16:57:08 ] [/var/www/ezpublish/ezpublish_legacy/lib/ezutils/classes/../../../var/cache/ini/ezjscore-ee64026f2a25035f0ee2a5b0b2721865.php]
[ Mar 31 2015 16:57:09 ] [var/ezdemo_site/cache/template/compiled/product-4785f6cdf50bf13b1b71827e1e386f3d.php]
[ Mar 31 2015 16:57:09 ] [var/ezdemo_site/cache/template/compiled/ezimage-4e87cbcb965792af274871f67ccdbef2.php]
[ Mar 31 2015 16:57:10 ] [/var/www/ezpublish/ezpublish_legacy/lib/ezutils/classes/../../../var/cache/ini/image-c65de267002ca90c7ff412deaa5f746d.php]
[ Mar 31 2015 16:57:11 ] [var/ezdemo_site/cache/template/compiled/tag_cloud-881e125b4ecbffd075f4503e7d7120e3.php]
[ Mar 31 2015 16:57:14 ] [var/ezdemo_site/cache/template/compiled/tagcloud-dc321227c089f4f005238465c24e6519.php]
[ Mar 31 2015 16:58:11 ] [/var/www/ezpublish/ezpublish_legacy/lib/ezutils/classes/../../../var/cache/ini/mime-cbfd0d7d2b9bc159dee77386f38a873a.php]
[ Mar 31 2015 16:58:14 ] [var/ezdemo_site/cache/template/compiled/full-a4a53b41420530f71bcecf47c4a466b2.php]
[ Mar 31 2015 16:58:15 ] [var/ezdemo_site/cache/template/compiled/infocollection_validation-3233c8fb5f5edfdb0ec32568cc6d87b4.php]
[ Mar 31 2015 16:58:19 ] [var/ezdemo_site/cache/template/compiled/window_controls-39ba0e0fb7f49fbfc9f68e8c02a7f5e4.php]
[ Mar 31 2015 16:58:23 ] [var/ezdemo_site/cache/template/compiled/window_controls_extratabs-dbd80a421eb34720f81a195fb2b9fe7a.php]
[ Mar 31 2015 16:58:23 ] [var/ezdemo_site/cache/template/compiled/commentsbundle_header-ec10ead4c82589b8fb910e77738a0e7f.php]
[ Mar 31 2015 16:58:23 ] [var/ezdemo_site/cache/template/compiled/windows-f63463fbf1f2916cf52ed07ca40d221c.php]
[ Mar 31 2015 16:58:24 ] [var/ezdemo_site/cache/template/compiled/preview-27e5c7768d217731e3381f514ce0b98a.php]
[ Mar 31 2015 16:58:24 ] [var/ezdemo_site/cache/template/compiled/admin_preview-bca84c96e350894c7eaf95f570fb21ff.php]
[ Mar 31 2015 16:58:24 ] [var/ezdemo_site/cache/template/compiled/ezstring-4b0d17082ebe9c414084c58b72e83ba4.php]
[ Mar 31 2015 16:58:24 ] [var/ezdemo_site/cache/template/compiled/ezpage-1cca1d3676b72029dc8ac329e86a98c3.php]
[ Mar 31 2015 16:58:25 ] [var/ezdemo_site/cache/template/compiled/2zoneslayout1-65b5f0868c72182935fe3a38fbf7f116.php]
[ Mar 31 2015 16:58:25 ] [var/ezdemo_site/cache/template/compiled/zone_block-e3e89079404e57b8bb099fb00032cdfa.php]
[ Mar 31 2015 16:58:26 ] [var/ezdemo_site/cache/template/compiled/zone_block_top-be2d62f3bc109ac721a6373dbc902480.php]
[ Mar 31 2015 16:58:26 ] [var/ezdemo_site/cache/template/compiled/view-b3dc04818f131d57ae3e2c3fc21b3687.php]
[ Mar 31 2015 16:58:26 ] [var/ezdemo_site/cache/template/compiled/zone_block_bottom-4396db075f1860096028fb91d21e4743.php]
[ Mar 31 2015 16:58:26 ] [var/ezdemo_site/cache/template/compiled/details-e9ba3e2ef22dcc00d434cef1764e6469.php]
[ Mar 31 2015 16:58:27 ] [var/ezdemo_site/cache/template/compiled/translations-26f8075efe4bbddfc4a9b426a4717780.php]
[ Mar 31 2015 16:58:27 ] [var/ezdemo_site/cache/template/compiled/locations-c2b9899c5678eb618c892553c2524912.php]
[ Mar 31 2015 16:58:28 ] [var/ezdemo_site/cache/template/compiled/relations-18d37988010dce3ea70b05eda5c25052.php]
[ Mar 31 2015 16:58:30 ] [var/ezdemo_site/cache/template/compiled/google-78fba64326fbc47ed13dea0a9dfc805c.php]
[ Mar 31 2015 16:58:31 ] [var/ezdemo_site/cache/template/compiled/ordering-145262b8cc65a2a448be33f7d2beeb3a.php]
[ Mar 31 2015 16:58:31 ] [var/ezdemo_site/cache/template/compiled/windows_extratabs-5f5391bd2b037b6d7d24b9ae2ec63302.php]
[ Mar 31 2015 16:58:32 ] [var/ezdemo_site/cache/template/compiled/commentsbundle-bde9c6a926f39bb320c8be9a9188e143.php]
[ Mar 31 2015 16:59:02 ] [var/ezdemo_site/cache/template/compiled/children-5a853a01a78b1ec829b06e21253dbb91.php]
[ Mar 31 2015 16:59:18 ] [var/ezdemo_site/cache/template/compiled/children_detailed-70d96c13990fa7e450158421a9c765a5.php]
[ Mar 31 2015 16:59:20 ] [var/ezdemo_site/cache/template/compiled/alphabetical-db955e84f550c8279c70a7950e25e155.php]
[ Mar 31 2015 16:59:22 ] [var/ezdemo_site/cache/template/compiled/pagelayout-6270374fd9ff42ab85a42681a5a8fad9.php]
[ Mar 31 2015 16:59:22 ] [var/ezdemo_site/cache/template/compiled/page_head-c73538c6e8a6626c24196651ec00b461.php]
[ Mar 31 2015 16:59:22 ] [var/ezdemo_site/cache/template/compiled/canonical_link-000f771c3cc3fdd941cc090fbcdfc56f.php]
[ Mar 31 2015 16:59:23 ] [var/ezdemo_site/cache/template/compiled/link-f1bf20203edde9ea92a4d8c018ac9c73.php]
[ Mar 31 2015 16:59:23 ] [var/ezdemo_site/cache/template/compiled/page_head_style-b6bd27b9d9a154c7a2e005d9619c243f.php]
[ Mar 31 2015 16:59:23 ] [var/ezdemo_site/cache/template/compiled/page_head_style_inline-60f5b5e515453840fb21eb24dd961143.php]
[ Mar 31 2015 16:59:23 ] [var/ezdemo_site/cache/template/compiled/page_head_script-90fb06cff2eff7413a09f82e5decd858.php]
[ Mar 31 2015 16:59:24 ] [/var/www/ezpublish/ezpublish_legacy/lib/ezutils/classes/../../../var/cache/ini/design-1a5fa2a8ca71bb070e4fc69723686b81.php]
[ Mar 31 2015 16:59:25 ] [/var/www/ezpublish/ezpublish_legacy/lib/ezutils/classes/../../../var/cache/ini/ezjscore-b93013183b651f99b7aa26b8d37f23c1.php]
[ Mar 31 2015 16:59:26 ] [/var/www/ezpublish/ezpublish_legacy/lib/ezutils/classes/../../../var/cache/ini/image-f41f009b65cc651c5a45fb1b05b568ea.php]
[ Mar 31 2015 16:59:26 ] [var/ezdemo_site/cache/template/compiled/page_header-32a5f4b67a1da63dbc30b0d1d2b96c75.php]
[ Mar 31 2015 16:59:26 ] [var/ezdemo_site/cache/template/compiled/page_search-ea0762a5ed77f44ca715c33022650659.php]
[ Mar 31 2015 16:59:26 ] [var/ezdemo_site/cache/template/compiled/page_topmenu-c73c0ee454fd1f3be887fe7be6ce802a.php]
[ Mar 31 2015 16:59:27 ] [var/ezdemo_site/cache/template/compiled/page_topmenuitem-f634898a88c14018e0ffbf7452134471.php]
[ Mar 31 2015 16:59:27 ] [var/ezdemo_site/cache/template/compiled/page_leftmenu-b7184d75ba0471899c2c0e6f7d6fdf17.php]
[ Mar 31 2015 16:59:27 ] [var/ezdemo_site/cache/template/compiled/menu-900c1f9f5ef9dcc9c4ced65db5ad11c4.php]
[ Mar 31 2015 16:59:28 ] [var/ezdemo_site/cache/template/compiled/content_structure_menu_dynamic-328eef75b7dbc30d88db339eb889f1ac.php]
[ Mar 31 2015 16:59:28 ] [var/ezdemo_site/cache/template/compiled/ini_menu-c1bb7017dcc6aedf96df254c0044847f.php]
[ Mar 31 2015 16:59:28 ] [var/ezdemo_site/cache/template/compiled/page_toppath-9d451e71a6022859e875ab7d08c2ea80.php]
[ Mar 31 2015 16:59:28 ] [var/ezdemo_site/cache/template/compiled/page_mainarea-1bd259f26bbd48988ef32f1b674042fc.php]
[ Mar 31 2015 16:59:28 ] [var/ezdemo_site/cache/template/compiled/page_copyright-27e321cbe8b7e9b3173bc4d49f491f43.php]
[ Mar 31 2015 16:59:28 ] [var/ezdemo_site/cache/template/compiled/popup_menu-675e650db61e1d451d38993f60810c1e.php]
[ Mar 31 2015 16:59:28 ] [var/ezdemo_site/cache/template/compiled/popup_context_menu-385e43082343471cf173565c36fdfb25.php]
[ Mar 31 2015 16:59:28 ] [var/ezdemo_site/cache/template/compiled/oocontextmenu-2eb22c4f19ce21ab233ed6cfc58c8ef0.php]
[ Mar 31 2015 16:59:28 ] [var/ezdemo_site/cache/template/compiled/ezflcontextmenu-968ee07d8cee6d03f40ed1aac702697c.php]
[ Mar 31 2015 16:59:29 ] [var/ezdemo_site/cache/template/compiled/ezmucontextmenu-97084ee8c8b87a4b6f677c811fdcebf4.php]
[ Mar 31 2015 16:59:29 ] [var/ezdemo_site/cache/template/compiled/popup_subitems_menu-007504dca19f9cc5ae3207fda1bfd57c.php]
[ Mar 31 2015 16:59:29 ] [var/ezdemo_site/cache/template/compiled/oosubitemscontextmenu-ce52450156c7be92549c33923a3a406c.php]
[ Mar 31 2015 16:59:29 ] [var/ezdemo_site/cache/template/compiled/ezflsubitemscontextmenu-da818edb6bf688667d9ae2029b85f107.php]
[ Mar 31 2015 16:59:29 ] [var/ezdemo_site/cache/template/compiled/ezmusubitemscontextmenu-25a8da1db151852c7640f4496ee6e404.php]
[ Mar 31 2015 16:59:29 ] [var/ezdemo_site/cache/template/compiled/popup_class_menu-9ccbd850675535681b0861f85df980e9.php]
[ Mar 31 2015 16:59:29 ] [var/ezdemo_site/cache/template/compiled/popup_bookmark_menu-38a685098d46e5fe5c5009f3ad68ac54.php]
[ Mar 31 2015 16:59:29 ] [var/ezdemo_site/cache/template/compiled/oocontextsubmenu-9d59c5bcd81c95cd2eed842f5edb1ef6.php]
[ Mar 31 2015 16:59:29 ] [var/ezdemo_site/cache/template/compiled/ezflcontextsubmenu-616a951d23689ab3c53a54c7e7b8849b.php]
[ Mar 31 2015 16:59:29 ] [var/ezdemo_site/cache/template/compiled/popup_tag_menu-334ba96957b87977769644dd1ab27f04.php]
[ Mar 31 2015 16:59:29 ] [var/ezdemo_site/cache/template/compiled/popup_sub_createhere_menu-609e4a8264ac100e22155a77994f66a6.php]
[ Mar 31 2015 16:59:29 ] [var/ezdemo_site/cache/template/compiled/popup_sub_edit_menu-24e3c68ea5aa15b3db7aab4f2a988825.php]
[ Mar 31 2015 16:59:29 ] [var/ezdemo_site/cache/template/compiled/popup_sub_advance_menu-47bf8d95434dcfaa4a39ec3b4f8956cc.php]
[ Mar 31 2015 16:59:29 ] [var/ezdemo_site/cache/template/compiled/popup_sub_editclass_menu-a3dec9467767774f1caa50941e11e76c.php]
[ Mar 31 2015 16:59:29 ] [var/ezdemo_site/cache/template/compiled/popup_sub_siteaccess_menus-d953d0a6b3cf8c91938db96998605dd9.php]
[ Mar 31 2015 17:06:22 ] [/var/www/ezpublish/ezpublish_legacy/lib/ezutils/classes/../../../var/cache/ini/dashboard-ddf1e6567db4e495f114e0468cf98661.php]
[ Mar 31 2015 17:06:24 ] [var/ezdemo_site/cache/template/compiled/dashboard-117d54944867f34d3903aeedb69d7995.php]
[ Mar 31 2015 17:06:24 ] [var/ezdemo_site/cache/template/compiled/maintenance-9e6c643659f410c22c0405b98ae01b48.php]
[ Mar 31 2015 17:06:25 ] [var/ezdemo_site/cache/template/compiled/pending_list-02100d4f5d556a3910537a36ad832c38.php]
[ Mar 31 2015 17:06:25 ] [var/ezdemo_site/cache/template/compiled/drafts-36faccecca9190b6522ba577f6ab98f4.php]
[ Mar 31 2015 17:06:25 ] [var/ezdemo_site/cache/template/compiled/all_latest_content-7b8ce2d73390e59d6148f3380943d9f4.php]
[ Mar 31 2015 17:06:25 ] [var/ezdemo_site/cache/template/compiled/latest_content-c877d42317448550102912c34f050bd1.php]
[ Mar 31 2015 17:06:26 ] [var/ezdemo_site/cache/template/compiled/community_activity-f5ae646b837251d94c00f18caf72395c.php]
[ Mar 31 2015 17:06:27 ] [var/ezdemo_site/cache/template/compiled/menu-f822165e63843e74184d9c0afd931c2e.php]
[ Mar 31 2015 17:11:46 ] [var/ezdemo_site/cache/template/compiled/register-ba50de93f5a3135e8ba84a15115177f6.php]
[ Mar 31 2015 17:11:46 ] [var/ezdemo_site/cache/template/compiled/ezstring-5b9beedc0caabbab469559c108f05bb7.php]
[ Mar 31 2015 17:11:46 ] [var/ezdemo_site/cache/template/compiled/ezuser-29e1026e93641200c98882ab5644965b.php]
[ Mar 31 2015 17:11:46 ] [var/ezdemo_site/cache/template/compiled/eztext-15036a56febacbc45b715ddc378454b5.php]
[ Mar 31 2015 17:11:47 ] [/var/www/ezpublish/ezpublish_legacy/lib/ezutils/classes/../../../var/cache/ini/units-0e5dd8714b9e32a09cd24dab26e46b30.php]
[ Mar 31 2015 17:11:47 ] [var/ezdemo_site/cache/template/compiled/ezimage-0e6a93cf9f14df4a5055a47224a3fda4.php]
[ Mar 31 2015 17:11:47 ] [var/ezdemo_site/cache/template/compiled/gui-d292d71c077b81a79d50f944256771f4.php]
[ Mar 31 2015 17:12:41 ] [/var/www/ezpublish/ezpublish_legacy/lib/ezutils/classes/../../../var/cache/ini/transform-d21fbf85ff2d6a1291ea8c55c8a9cee1.php]
[ Mar 31 2015 17:12:41 ] [var/ezdemo_site/cache/codepages/36e48c5d322c489dd3ee4e51ffda1494.php]
[ Mar 31 2015 17:12:41 ] [var/ezdemo_site/cache/trans/g-lowercase-635518252-utf-8.ctt.php]
[ Mar 31 2015 17:12:41 ] [var/ezdemo_site/cache/classattributeidentifiers_d1a0e3812cf9679cc4439513ba8e71cf.php]
[ Mar 31 2015 17:12:41 ] [var/ezdemo_site/cache/trans/g-urlalias-1350215278-utf-8.ctt.php]
[ Mar 31 2015 17:12:41 ] [var/ezdemo_site/storage/images-versioned/645/1-eng-GB/imad-moulkaf1.png]
[ Mar 31 2015 17:12:42 ] [/var/www/ezpublish/ezpublish_legacy/lib/ezutils/classes/../../../var/cache/ini/viewcache-ea3219243135bd42d67b411976aa2338.php]
[ Mar 31 2015 17:12:42 ] [var/ezdemo_site/cache/template/compiled/registrationinfo-6c025d38a50cf14a4b9ff5ef9dc63bf7.php]
[ Mar 31 2015 17:12:44 ] [var/ezdemo_site/cache/template/compiled/registrationfeedback-630fd8849baa51d582b7dbe902420aa7.php]
[ Mar 31 2015 17:12:46 ] [var/ezdemo_site/cache/template/compiled/success-8e0aa33cb8d94c2431efeb2fdb80d3f9.php]
[ Mar 31 2015 17:18:47 ] [/var/www/ezpublish/ezpublish_legacy/lib/ezutils/classes/../../../var/cache/ini/websitetoolbar-a6bcb2868f8cb7b57a4bbed60427b328.php]
[ Mar 31 2015 17:18:48 ] [var/ezdemo_site/cache/template/compiled/website_toolbar-68c4a52619715c83066c2a71eef95f70.php]
[ Mar 31 2015 17:18:48 ] [var/ezdemo_site/cache/template/compiled/logo-e27488a03943fcb0d7714c6d85bf0952.php]
[ Mar 31 2015 17:18:48 ] [var/ezdemo_site/cache/template/compiled/object_states-896ca813869ce0443ea6eed54cb70ffe.php]
[ Mar 31 2015 17:18:48 ] [var/ezdemo_site/cache/template/compiled/link-c2daf1ab69854b1d4139a5f542c8df22.php]
[ Mar 31 2015 17:18:48 ] [/var/www/ezpublish/ezpublish_legacy/lib/ezutils/classes/../../../var/cache/ini/timeline-b1f949c142ee9695eb9ead60ceefc4af.php]
[ Mar 31 2015 17:18:48 ] [var/ezdemo_site/cache/template/compiled/timeline-9ebd4b1c0bdbaaad059fcd1438fb9459.php]
[ Mar 31 2015 17:18:48 ] [var/ezdemo_site/cache/template/compiled/push-834dfc6872ec1e6ecca8b2e286723921.php]
[ Mar 31 2015 17:18:48 ] [var/ezdemo_site/cache/template/compiled/rss-4236fa577e1774295c8ec1c4ad413595.php]
[ Mar 31 2015 17:18:48 ] [/var/www/ezpublish/ezpublish_legacy/lib/ezutils/classes/../../../var/cache/ini/ezmultiupload-064883de067ca99d1365a216ae54abef.php]
[ Mar 31 2015 17:18:48 ] [var/ezdemo_site/cache/template/compiled/ezmultiupload-c2e062b7878856f2dd83d4091da45a50.php]
[ Mar 31 2015 17:18:48 ] [var/ezdemo_site/cache/template/compiled/help-607ec93be3df12371449b347a050687e.php]
[ Mar 31 2015 17:18:48 ] [var/ezdemo_site/cache/template/compiled/floating_toolbar-fac1b5af2b39ffb8049ec8e13e06f7af.php]
[ Mar 31 2015 17:20:09 ] [var/ezdemo_site/cache/template/compiled/roles_header-a5f7de18a5a4a992faa1e65f9b573669.php]
[ Mar 31 2015 17:20:09 ] [var/ezdemo_site/cache/template/compiled/policies_header-e0187ef3943e70dd670459cfa0c076e4.php]
[ Mar 31 2015 17:20:10 ] [var/ezdemo_site/cache/template/compiled/roles-8ba41a69f34341a6514621fb8c297628.php]
[ Mar 31 2015 17:20:10 ] [var/ezdemo_site/cache/template/compiled/policies-93445e7b015e11edde5283e23733ab05.php]
[ Mar 31 2015 17:20:14 ] [var/ezdemo_site/cache/template/compiled/menu-03e54aa13d789d3c640cb0ce3e8abdd3.php]
[ Mar 31 2015 17:21:22 ] [var/ezdemo_site/cache/template/compiled/ezuser-c31872cf59c3133d557a1a214ce3afa8.php]
[ Mar 31 2015 17:21:22 ] [var/ezdemo_site/cache/template/compiled/eztext-6d7e1d5638e323ae530ed823c5096c7b.php]
[ Mar 31 2015 17:21:22 ] [var/ezdemo_site/cache/template/compiled/ezimage-6b18ce20dcf99b69e75439a5ff7f8dc5.php]
[ Mar 31 2015 17:21:23 ] [var/ezdemo_site/cache/template/compiled/no_children-7e1bea33e6e49df7f6952513b6017635.php]
[ Mar 31 2015 17:21:52 ] [/var/www/ezpublish/ezpublish_legacy/lib/ezutils/classes/../../../var/cache/ini/mime-a4030058baa0313b93b8f68825efbf4c.php]
[ Mar 31 2015 17:32:50 ] [var/ezdemo_site/cache/template/compiled/folder-ad6a47f8547cbb2fd77736bedb5e893d.php]
[ Mar 31 2015 17:33:18 ] [/var/www/ezpublish/ezpublish_legacy/lib/ezutils/classes/../../../var/cache/ini/fetchalias-d9cbb797b6d014f9b4530e17aa1dafcb.php]
[ Mar 31 2015 17:33:18 ] [var/ezdemo_site/cache/template/compiled/folder-bc691c7969a6d5874ad032e86a3f7d1a.php]
[ Mar 31 2015 17:33:18 ] [var/ezdemo_site/cache/template/compiled/ezstring-80cfd42282684c10b55ea4981ef11e0f.php]
[ Mar 31 2015 17:33:18 ] [var/ezdemo_site/cache/template/compiled/ezkeyword-ee52930002cc377057b8fe0afa028e09.php]
[ Mar 31 2015 17:33:18 ] [var/ezdemo_site/cache/template/compiled/article-e0e08c86d2c256f6cff6daccfce59c30.php]
[ Mar 31 2015 17:33:20 ] [var/ezdemo_site/cache/template/compiled/ezauthor-cea205b8e3b69f64c4183f0a73255c2c.php]
[ Mar 31 2015 17:33:20 ] [/var/www/ezpublish/ezpublish_legacy/lib/ezutils/classes/../../../var/cache/ini/ezxml-c15eb89c7687cf590ee2deaff06cd1c9.php]
[ Mar 31 2015 17:33:20 ] [var/ezdemo_site/cache/template/compiled/ezxmltext-a2f1d32b57a0d7eca72041d8158188e6.php]
[ Mar 31 2015 17:33:20 ] [var/ezdemo_site/cache/template/compiled/paragraph-bce62d704c09822a512ebbc56a2c8e7e.php]
[ Mar 31 2015 17:33:20 ] [var/ezdemo_site/cache/template/compiled/line-0cacbae4550683e671f6fd2dacd66010.php]
[ Mar 31 2015 17:33:20 ] [var/ezdemo_site/cache/template/compiled/google-0757318cefa611c821bdb48b406ef32a.php]
[ Mar 31 2015 17:33:20 ] [var/ezdemo_site/cache/template/compiled/ezpage-21fd154de983bf9497ab41eda7c8d278.php]
[ Mar 31 2015 17:33:20 ] [/var/www/ezpublish/ezpublish_legacy/lib/ezutils/classes/../../../var/cache/ini/zone-1157e1c751d48f112d068a0465cf6b49.php]
[ Mar 31 2015 17:33:34 ] [var/ezdemo_site/cache/template/compiled/extra_info-d3205a64663a4800a50b68d2975d0dab.php]
[ Mar 31 2015 17:33:35 ] [var/ezdemo_site/cache/template/compiled/calendar-0bcbc9eff707837ea66131da1baa4fce.php]
[ Mar 31 2015 17:33:36 ] [var/ezdemo_site/cache/sortkey_d1a0e3812cf9679cc4439513ba8e71cf.php]
[ Mar 31 2015 17:33:36 ] [/var/www/ezpublish/ezpublish_legacy/lib/ezutils/classes/../../../var/cache/ini/i18n-c133d60b64bf736c08adc849ef3ec5c3.php]
[ Apr 10 2015 02:59:58 ] [var/ezdemo_site/cache/statelimitations_f217bcfe1b51383deb4f4fe81ae91c58.php]
[ Apr 10 2015 03:00:00 ] [var/ezdemo_site/cache/classidentifiers_f217bcfe1b51383deb4f4fe81ae91c58.php]
[ Apr 10 2015 03:04:51 ] [/var/www/ezpublish/ezpublish_legacy/lib/ezutils/classes/../../../var/cache/ini/paymentgateways-f5c03c8c612b274b4411f3600e7f1c4f.php]
